Questionable use of curly braces in "(pin (num "1") (name "~{dcd}") (type "input"))"
    Error: undefined symbol in: "[dcd]"
Questionable use of curly braces in "(pin (num "2") (name "~{ri}/clk") (type "bidirectional"))"
    Error: undefined symbol in: "[ri]"
Questionable use of curly braces in "(pin (num "9") (name "~{rst}") (type "input"))"
    Error: undefined symbol in: "[rst]"
Questionable use of curly braces in "(pin (num "11") (name "~{suspend}") (type "output"))"
    Error: undefined symbol in: "[suspend]"
Questionable use of curly braces in "(pin (num "16") (name "~{wakeup}/gpio.3") (type "bidirectional"))"
    Error: undefined symbol in: "[wakeup]"
Questionable use of curly braces in "(pin (num "18") (name "~{rxt}/gpio.1") (type "bidirectional"))"
    Error: undefined symbol in: "[rxt]"
Questionable use of curly braces in "(pin (num "19") (name "~{txt}/gpio.0") (type "bidirectional"))"
    Error: undefined symbol in: "[txt]"
Questionable use of curly braces in "(pin (num "23") (name "~{cts}") (type "input"))"
    Error: undefined symbol in: "[cts]"
Questionable use of curly braces in "(pin (num "24") (name "~{rts}") (type "output"))"
    Error: undefined symbol in: "[rts]"
Questionable use of curly braces in "(pin (num "27") (name "~{dsr}") (type "input"))"
    Error: undefined symbol in: "[dsr]"
Questionable use of curly braces in "(pin (num "28") (name "~{dtr}") (type "output"))"
    Error: undefined symbol in: "[dtr]"
Questionable use of curly braces in "(pin (num "4") (name "~{sd_mode}") (type "input"))"
    Error: undefined symbol in: "[sd_mode]"
Questionable use of curly braces in "(node (ref "u7") (pin "28") (pinfunction "~{dtr}") (pintype "output")))"
    Error: undefined symbol in: "[dtr]"
Questionable use of curly braces in "(node (ref "u7") (pin "24") (pinfunction "~{rts}") (pintype "output")))"
    Error: undefined symbol in: "[rts]"
Questionable use of curly braces in "(node (ref "u2") (pin "4") (pinfunction "~{sd_mode}") (pintype "input"))"
    Error: undefined symbol in: "[sd_mode]"
Questionable use of curly braces in "(node (ref "u7") (pin "9") (pinfunction "~{rst}") (pintype "input")))"
    Error: undefined symbol in: "[rst]"
Questionable use of curly braces in "(node (ref "u7") (pin "11") (pinfunction "~{suspend}") (pintype "output")))"
    Error: undefined symbol in: "[suspend]"
Questionable use of curly braces in "(node (ref "u7") (pin "1") (pinfunction "~{dcd}") (pintype "input+no_connect")))"
    Error: undefined symbol in: "[dcd]"
Questionable use of curly braces in "(node (ref "u7") (pin "2") (pinfunction "~{ri}/clk") (pintype "bidirectional+no_connect")))"
    Error: undefined symbol in: "[ri]"
Questionable use of curly braces in "(node (ref "u7") (pin "16") (pinfunction "~{wakeup}/gpio.3") (pintype "bidirectional+no_connect")))"
    Error: undefined symbol in: "[wakeup]"
Questionable use of curly braces in "(node (ref "u7") (pin "18") (pinfunction "~{rxt}/gpio.1") (pintype "bidirectional+no_connect")))"
    Error: undefined symbol in: "[rxt]"
Questionable use of curly braces in "(node (ref "u7") (pin "19") (pinfunction "~{txt}/gpio.0") (pintype "bidirectional+no_connect")))"
    Error: undefined symbol in: "[txt]"
Questionable use of curly braces in "(node (ref "u7") (pin "23") (pinfunction "~{cts}") (pintype "input+no_connect")))"
    Error: undefined symbol in: "[cts]"
Questionable use of curly braces in "(node (ref "u7") (pin "27") (pinfunction "~{dsr}") (pintype "input+no_connect")))))"
    Error: undefined symbol in: "[dsr]"
Circuit: (export (version "E")

Fatal Error: Unknown SPICE device type "(" in "(design"
